Using pre-set license

 COMMAND LINE ARGUMENTS:
/Applications/Unity/Hub/Editor/2020.2.2f1/Unity.app/Contents/MacOS/Unity
-adb2
-batchMode
-noUpm
-name
AssetImportWorker0
-projectPath
/Users/ppan/Projects/ShaderDemo
-logFile
Logs/AssetImportWorker0.log
-srvPort
49308
Successfully changed project path to: /Users/ppan/Projects/ShaderDemo
/Users/ppan/Projects/ShaderDemo
Using Asset Import Pipeline V2.
Refreshing native plugins compatible for Editor in 21.54 ms, found 1 plugins.
Preloading 0 native plugins for Editor in 0.00 ms.
Initialize engine version: 2020.2.2f1 (068178b99f32)
[Subsystems] Discovering subsystems at path /Applications/Unity/Hub/Editor/2020.2.2f1/Unity.app/Contents/Resources/UnitySubsystems
[Subsystems] Discovering subsystems at path /Users/ppan/Projects/ShaderDemo/Assets
GfxDevice: creating device client; threaded=0
2021-04-07 09:35:13.967 Unity[14409:1129336] Thunderbolt Display preferred device: AMD Radeon Pro 5500M (high power)
2021-04-07 09:35:13.968 Unity[14409:1129336] Metal devices available: 2
2021-04-07 09:35:13.968 Unity[14409:1129336] 0: AMD Radeon Pro 5500M (high power)
2021-04-07 09:35:13.968 Unity[14409:1129336] 1: Intel(R) UHD Graphics 630 (low power)
2021-04-07 09:35:13.968 Unity[14409:1129336] Using device AMD Radeon Pro 5500M (high power)
Initializing Metal device caps: AMD Radeon Pro 5500M
Initialize mono
Mono path[0] = '/Applications/Unity/Hub/Editor/2020.2.2f1/Unity.app/Contents/Managed'
Mono path[1] = '/Applications/Unity/Hub/Editor/2020.2.2f1/Unity.app/Contents/MonoBleedingEdge/lib/mono/unityjit'
Mono config path = '/Applications/Unity/Hub/Editor/2020.2.2f1/Unity.app/Contents/MonoBleedingEdge/etc'
Using monoOptions --debugger-agent=transport=dt_socket,embedding=1,server=y,suspend=n,address=127.0.0.1:56409
Begin MonoManager ReloadAssembly
Registering precompiled unity dll's ...
Register platform support module: /Applications/Unity/Hub/Editor/2020.2.2f1/Unity.app/Contents/PlaybackEngines/MacStandaloneSupport/UnityEditor.OSXStandalone.Extensions.dll
Registered in 0.000482 seconds.
Native extension for OSXStandalone target not found
Refreshing native plugins compatible for Editor in 22.49 ms, found 1 plugins.
Preloading 0 native plugins for Editor in 0.00 ms.
Invoked RoslynAnalysisRunner static constructor.
RoslynAnalysisRunner will not be running.
RoslynAnalysisRunner has terminated.
Mono: successfully reloaded assembly
- Completed reload, in  2.193 seconds
Platform modules already initialized, skipping
Registering precompiled user dll's ...
Registered in 0.000286 seconds.
Begin MonoManager ReloadAssembly
Native extension for OSXStandalone target not found
Refreshing native plugins compatible for Editor in 0.19 ms, found 1 plugins.
Preloading 0 native plugins for Editor in 0.00 ms.
Invoked RoslynAnalysisRunner static constructor.
RoslynAnalysisRunner will not be running.
RoslynAnalysisRunner has terminated.
Mono: successfully reloaded assembly
- Completed reload, in  0.882 seconds
Platform modules already initialized, skipping
========================================================================
Worker process is ready to serve import requests
Launching external process: /Applications/Unity/Hub/Editor/2020.2.2f1/Unity.app/Contents/Tools/UnityShaderCompiler
Launched and connected shader compiler UnityShaderCompiler after 0.01 seconds
Refreshing native plugins compatible for Editor in 0.21 ms, found 1 plugins.
Preloading 0 native plugins for Editor in 0.00 ms.
Unloading 1099 Unused Serialized files (Serialized files now loaded: 0)
System memory in use before: 111.1 MB.
System memory in use after: 111.1 MB.

Unloading 10 unused Assets to reduce memory usage. Loaded Objects now: 1540.
Total: 1.504108 ms (FindLiveObjects: 0.137399 ms CreateObjectMapping: 0.034343 ms MarkObjects: 1.255862 ms  DeleteObjects: 0.075320 ms)

========================================================================
Received Import Request.
  path: Assets/Scenes/SampleScene.unity
  artifactKey: Guid(9fc0d4010bbf28b4594072e72b8655ab) Importer(815301076,1909f56bfc062723c751e8b465ee728b)
Start importing Assets/Scenes/SampleScene.unity using Guid(9fc0d4010bbf28b4594072e72b8655ab) Importer(815301076,1909f56bfc062723c751e8b465ee728b)  -> (artifact id: '9831e44e2a700a6e1119228b2d38e767') in 0.011536 seconds
  Import took 0.013174 seconds .

========================================================================
Received Import Request.
  Time since last request: 3.738450 seconds.
  path: Assets/Scenes/ShaderDemo.unity
  artifactKey: Guid(9fc0d4010bbf28b4594072e72b8655ab) Importer(815301076,1909f56bfc062723c751e8b465ee728b)
Start importing Assets/Scenes/ShaderDemo.unity using Guid(9fc0d4010bbf28b4594072e72b8655ab) Importer(815301076,1909f56bfc062723c751e8b465ee728b)  -> (artifact id: 'e9a83cd25d2e0be23f90535b5f9b1879') in 0.001398 seconds
  Import took 0.003247 seconds .

========================================================================
Received Import Request.
  Time since last request: 115.313756 seconds.
  path: Assets/Materials
  artifactKey: Guid(84f09aa8e6d9e47598a906589415aa25) Importer(815301076,1909f56bfc062723c751e8b465ee728b)
Start importing Assets/Materials using Guid(84f09aa8e6d9e47598a906589415aa25) Importer(815301076,1909f56bfc062723c751e8b465ee728b)  -> (artifact id: '9a62146e2fe7d7b6c1bd773fe62246ff') in 0.001504 seconds
  Import took 0.003296 seconds .

========================================================================
Received Import Request.
  Time since last request: 43.959073 seconds.
  path: Assets/Shaders
  artifactKey: Guid(5639c2552f1e24adebf4ad3db3f6833c) Importer(815301076,1909f56bfc062723c751e8b465ee728b)
Start importing Assets/Shaders using Guid(5639c2552f1e24adebf4ad3db3f6833c) Importer(815301076,1909f56bfc062723c751e8b465ee728b)  -> (artifact id: '5b74053bebf156bf1f5a22df81a927ad') in 0.001565 seconds
  Import took 0.003237 seconds .

========================================================================
Received Import Request.
  Time since last request: 45.708500 seconds.
  path: Assets/Shaders/NewUnlitShader.shader
  artifactKey: Guid(926c5e922fbee4ecb924d1c077f9bbed) Importer(815301076,1909f56bfc062723c751e8b465ee728b)
Start importing Assets/Shaders/NewUnlitShader.shader using Guid(926c5e922fbee4ecb924d1c077f9bbed) Importer(815301076,1909f56bfc062723c751e8b465ee728b)  -> (artifact id: '7301e09615b7c0a45d250424bb273f26') in 1.172782 seconds
  Import took 1.174610 seconds .

========================================================================
Received Import Request.
  Time since last request: 8.430273 seconds.
  path: Assets/Shaders/MyUnlitShader.shader
  artifactKey: Guid(926c5e922fbee4ecb924d1c077f9bbed) Importer(815301076,1909f56bfc062723c751e8b465ee728b)
Start importing Assets/Shaders/MyUnlitShader.shader using Guid(926c5e922fbee4ecb924d1c077f9bbed) Importer(815301076,1909f56bfc062723c751e8b465ee728b)  -> (artifact id: '2d718fe44dd923729de76d6a0c035c98') in 0.004696 seconds
  Import took 0.006466 seconds .

========================================================================
Received Import Request.
  Time since last request: 33.990217 seconds.
  path: Assets/Shaders/MyUnlitShader.shader
  artifactKey: Guid(926c5e922fbee4ecb924d1c077f9bbed) Importer(815301076,1909f56bfc062723c751e8b465ee728b)
Start importing Assets/Shaders/MyUnlitShader.shader using Guid(926c5e922fbee4ecb924d1c077f9bbed) Importer(815301076,1909f56bfc062723c751e8b465ee728b)  -> (artifact id: 'c29bd7e3d6f6e8fbea9b4cf116760be5') in 0.003925 seconds
  Import took 0.006265 seconds .

========================================================================
Received Import Request.
  Time since last request: 5.276818 seconds.
  path: Assets/Shaders/MyShader.shader
  artifactKey: Guid(926c5e922fbee4ecb924d1c077f9bbed) Importer(815301076,1909f56bfc062723c751e8b465ee728b)
Start importing Assets/Shaders/MyShader.shader using Guid(926c5e922fbee4ecb924d1c077f9bbed) Importer(815301076,1909f56bfc062723c751e8b465ee728b)  -> (artifact id: 'fde78d8550e15e126676c3882c5805fa') in 0.003537 seconds
  Import took 0.005918 seconds .

========================================================================
Received Import Request.
  Time since last request: 249.566400 seconds.
  path: Assets/Shaders/MyShader.shader
  artifactKey: Guid(926c5e922fbee4ecb924d1c077f9bbed) Importer(815301076,1909f56bfc062723c751e8b465ee728b)
Start importing Assets/Shaders/MyShader.shader using Guid(926c5e922fbee4ecb924d1c077f9bbed) Importer(815301076,1909f56bfc062723c751e8b465ee728b)  -> (artifact id: '6ed3f074da774611cd3b92cf5fe7b50f') in 0.003827 seconds
  Import took 0.005910 seconds .

========================================================================
Received Import Request.
  Time since last request: 3114.008799 seconds.
  path: Assets/Shaders/MyShader.shader
  artifactKey: Guid(926c5e922fbee4ecb924d1c077f9bbed) Importer(815301076,1909f56bfc062723c751e8b465ee728b)
Start importing Assets/Shaders/MyShader.shader using Guid(926c5e922fbee4ecb924d1c077f9bbed) Importer(815301076,1909f56bfc062723c751e8b465ee728b)  -> (artifact id: '81ad25b77aed01e20288dad64d4f1134') in 0.003967 seconds
  Import took 0.005816 seconds .

========================================================================
Received Import Request.
  Time since last request: 2.931760 seconds.
  path: Assets/Shaders/Normals.shader
  artifactKey: Guid(926c5e922fbee4ecb924d1c077f9bbed) Importer(815301076,1909f56bfc062723c751e8b465ee728b)
Start importing Assets/Shaders/Normals.shader using Guid(926c5e922fbee4ecb924d1c077f9bbed) Importer(815301076,1909f56bfc062723c751e8b465ee728b)  -> (artifact id: 'cb2c53d5c783320927172b107266023f') in 0.003812 seconds
  Import took 0.005833 seconds .

========================================================================
Received Import Request.
  Time since last request: 4.965566 seconds.
  path: Assets/Shaders/Normals 1.shader
  artifactKey: Guid(ff2d1fdaa07304d6d8d4e84d5de483e4) Importer(815301076,1909f56bfc062723c751e8b465ee728b)
Start importing Assets/Shaders/Normals 1.shader using Guid(ff2d1fdaa07304d6d8d4e84d5de483e4) Importer(815301076,1909f56bfc062723c751e8b465ee728b)  -> (artifact id: '82a7cb67712f5c2a761fc8a5ce22e3ae') in 0.004414 seconds
  Import took 0.006159 seconds .

========================================================================
Received Import Request.
  Time since last request: 5.366201 seconds.
  path: Assets/Shaders/Reflections.shader
  artifactKey: Guid(ff2d1fdaa07304d6d8d4e84d5de483e4) Importer(815301076,1909f56bfc062723c751e8b465ee728b)
Start importing Assets/Shaders/Reflections.shader using Guid(ff2d1fdaa07304d6d8d4e84d5de483e4) Importer(815301076,1909f56bfc062723c751e8b465ee728b)  -> (artifact id: '5efcf3504f0c1580310dc2f4cd81735e') in 0.003860 seconds
  Import took 0.005791 seconds .

========================================================================
Received Import Request.
  Time since last request: 25.902153 seconds.
  path: Assets/Shaders/Reflections.shader
  artifactKey: Guid(ff2d1fdaa07304d6d8d4e84d5de483e4) Importer(815301076,1909f56bfc062723c751e8b465ee728b)
Start importing Assets/Shaders/Reflections.shader using Guid(ff2d1fdaa07304d6d8d4e84d5de483e4) Importer(815301076,1909f56bfc062723c751e8b465ee728b)  -> (artifact id: '59284d8b0941153c6eeb4a527661af20') in 0.004169 seconds
  Import took 0.006004 seconds .

